#-----------------------------------------------------------
# Vivado v2016.1 (64-bit)
# SW Build 1538259 on Fri Apr  8 15:45:23 MDT 2016
# IP Build 1537824 on Fri Apr  8 04:28:57 MDT 2016
# Start of session at: Thu Jun 14 15:05:42 2018
# Process ID: 4731
# Current directory: /home/ram/Bluespec_BSV_Tutorial/Example_Programs/BPU
# Command line: vivado -mode tcl -source .//src/tcl/run.tcl
# Log file: /home/ram/Bluespec_BSV_Tutorial/Example_Programs/BPU/vivado.log
# Journal file: /home/ram/Bluespec_BSV_Tutorial/Example_Programs/BPU/vivado.jou
#-----------------------------------------------------------
source .//src/tcl/run.tcl
# set curdir [ file dirname [ file normalize [ info script ] ] ]
# source $curdir/env.tcl
## global home_dir
## global fpga_dir
## global core_project_dir
## set home_dir $::env(HOMEDIR)
## set fpga_dir $home_dir/fpga
## set core_project_dir $fpga_dir/$::env(TOP)
## set core_project $::env(TOP)
## puts "home_dir: $home_dir"
home_dir: ./
## puts "fpga_dir: $fpga_dir"
fpga_dir: .//fpga
## puts "core_project_dir: $core_project_dir"
core_project_dir: .//fpga/mkbpu
# open_project $core_project_dir/$core_project.xpr
Scanning sources...
Finished scanning sources
# if {[string equal [get_filesets -quiet constrs_1] ""]} {
#   create_fileset -constrset constrs_1
# }
# set obj [get_filesets constrs_1]
# set file "[file normalize "$home_dir/src/tcl/constraints.xdc"]"
# set file_added [add_files -norecurse -fileset $obj $file]
# reset_run core_synth_1
# reset_run core_impl_1
# launch_run core_synth_1 -jobs 4
INFO: [HDL 9-2216] Analyzing Verilog file "/home/ram/Bluespec_BSV_Tutorial/Example_Programs/BPU/verilog/BRAM2Load.v" into library work [/home/ram/Bluespec_BSV_Tutorial/Example_Programs/BPU/verilog/BRAM2Load.v:1]
INFO: [HDL 9-2216] Analyzing Verilog file "/home/ram/Bluespec_BSV_Tutorial/Example_Programs/BPU/verilog/ConstrainedRandom.v" into library work [/home/ram/Bluespec_BSV_Tutorial/Example_Programs/BPU/verilog/ConstrainedRandom.v:1]
INFO: [HDL 9-2216] Analyzing Verilog file "/home/ram/Bluespec_BSV_Tutorial/Example_Programs/BPU/verilog/mkbpu.v" into library work [/home/ram/Bluespec_BSV_Tutorial/Example_Programs/BPU/verilog/mkbpu.v:1]
INFO: [HDL 9-2216] Analyzing Verilog file "/home/ram/Bluespec_BSV_Tutorial/Example_Programs/BPU/verilog/mkbranch.v" into library work [/home/ram/Bluespec_BSV_Tutorial/Example_Programs/BPU/verilog/mkbranch.v:1]
INFO: [HDL 9-2216] Analyzing Verilog file "/home/ram/Bluespec_BSV_Tutorial/Example_Programs/BPU/verilog/mkbtb.v" into library work [/home/ram/Bluespec_BSV_Tutorial/Example_Programs/BPU/verilog/mkbtb.v:1]
CRITICAL WARNING: [filemgmt 20-742] The top module "mkSoC" specified for this project can not be validated. The current project is using automatic hierarchy update mode, and hence a new suitable replacement top will be automatically selected. If this is not desired, please change the hierarchy update mode to one of the manual compile order modes first, and then set top to any desired value.
Resolution: To switch to manual update order go to the Sources view, right-click on any node in the hierarchy and in the context menu select: 'Hierarchy Update' option 'No Update' or run the following Tcl Command: set_property source_mgmt_mode None [current_project] (which is the Manual Compile Order mode).
[Thu Jun 14 15:05:53 2018] Launched core_synth_1...
Run output will be captured here: /home/ram/Bluespec_BSV_Tutorial/Example_Programs/BPU/fpga/mkbpu/mkbpu.runs/core_synth_1/runme.log
# wait_on_run core_synth_1
[Thu Jun 14 15:05:53 2018] Waiting for core_synth_1 to finish...

*** Running vivado
    with args -log mkbpu.vds -m64 -mode batch -messageDb vivado.pb -notrace -source mkbpu.tcl


****** Vivado v2016.1 (64-bit)
  **** SW Build 1538259 on Fri Apr  8 15:45:23 MDT 2016
  **** IP Build 1537824 on Fri Apr  8 04:28:57 MDT 2016
    ** Copyright 1986-2016 Xilinx, Inc. All Rights Reserved.

source mkbpu.tcl -notrace
WARNING: [Board 49-26] cannot add Board Part digilentinc.com:arty-s7-25:part0:1.0 available at /tools/Vivado/Vivado/2016.1/data/boards/board_files/arty-s7-25/E.0/board.xml as part xc7s25csga324-1 specified in board_part file is either invalid or not available
WARNING: [Board 49-26] cannot add Board Part digilentinc.com:arty-s7-50:part0:1.0 available at /tools/Vivado/Vivado/2016.1/data/boards/board_files/arty-s7-50/B.0/board.xml as part xc7s50csga324-1 specified in board_part file is either invalid or not available
Command: synth_design -top mkbpu -part xc7a100tcsg324-1 -flatten_hierarchy none
Starting synth_design
Attempting to get a license for feature 'Synthesis' and/or device 'xc7a100t'
INFO: [Common 17-349] Got license for feature 'Synthesis' and/or device 'xc7a100t'
INFO: Launching helper process for spawning children vivado processes
INFO: Helper process launched with PID 4805 
---------------------------------------------------------------------------------
Starting RTL Elaboration : Time (s): cpu = 00:00:05 ; elapsed = 00:00:09 . Memory (MB): peak = 1057.949 ; gain = 171.090 ; free physical = 12684 ; free virtual = 29936
---------------------------------------------------------------------------------
INFO: [Synth 8-638] synthesizing module 'mkbpu' [/home/ram/Bluespec_BSV_Tutorial/Example_Programs/BPU/verilog/mkbpu.v:40]
INFO: [Synth 8-638] synthesizing module 'mkbtb' [/home/ram/Bluespec_BSV_Tutorial/Example_Programs/BPU/verilog/mkbtb.v:39]
INFO: [Synth 8-638] synthesizing module 'BRAM2Load' [/home/ram/Bluespec_BSV_Tutorial/Example_Programs/BPU/verilog/BRAM2Load.v:30]
	Parameter FILENAME bound to: repl.dump - type: string 
	Parameter PIPELINED bound to: 1'b0 
	Parameter ADDR_WIDTH bound to: 8 - type: integer 
	Parameter DATA_WIDTH bound to: 2 - type: integer 
	Parameter MEMSIZE bound to: 9'b100000000 
	Parameter BINARY bound to: 1'b1 
CRITICAL WARNING: [Synth 8-4445] could not open $readmem data file 'repl.dump'; please make sure the file is added to project and has read permission, ignoring [/home/ram/Bluespec_BSV_Tutorial/Example_Programs/BPU/verilog/BRAM2Load.v:87]
INFO: [Synth 8-256] done synthesizing module 'BRAM2Load' (1#1) [/home/ram/Bluespec_BSV_Tutorial/Example_Programs/BPU/verilog/BRAM2Load.v:30]
INFO: [Synth 8-638] synthesizing module 'BRAM2Load__parameterized0' [/home/ram/Bluespec_BSV_Tutorial/Example_Programs/BPU/verilog/BRAM2Load.v:30]
	Parameter FILENAME bound to: way1.dump - type: string 
	Parameter PIPELINED bound to: 1'b0 
	Parameter ADDR_WIDTH bound to: 8 - type: integer 
	Parameter DATA_WIDTH bound to: 35 - type: integer 
	Parameter MEMSIZE bound to: 9'b100000000 
	Parameter BINARY bound to: 1'b1 
CRITICAL WARNING: [Synth 8-4445] could not open $readmem data file 'way1.dump'; please make sure the file is added to project and has read permission, ignoring [/home/ram/Bluespec_BSV_Tutorial/Example_Programs/BPU/verilog/BRAM2Load.v:87]
INFO: [Synth 8-256] done synthesizing module 'BRAM2Load__parameterized0' (1#1) [/home/ram/Bluespec_BSV_Tutorial/Example_Programs/BPU/verilog/BRAM2Load.v:30]
INFO: [Synth 8-638] synthesizing module 'BRAM2Load__parameterized1' [/home/ram/Bluespec_BSV_Tutorial/Example_Programs/BPU/verilog/BRAM2Load.v:30]
	Parameter FILENAME bound to: way2.dump - type: string 
	Parameter PIPELINED bound to: 1'b0 
	Parameter ADDR_WIDTH bound to: 8 - type: integer 
	Parameter DATA_WIDTH bound to: 35 - type: integer 
	Parameter MEMSIZE bound to: 9'b100000000 
	Parameter BINARY bound to: 1'b1 
CRITICAL WARNING: [Synth 8-4445] could not open $readmem data file 'way2.dump'; please make sure the file is added to project and has read permission, ignoring [/home/ram/Bluespec_BSV_Tutorial/Example_Programs/BPU/verilog/BRAM2Load.v:87]
INFO: [Synth 8-256] done synthesizing module 'BRAM2Load__parameterized1' (1#1) [/home/ram/Bluespec_BSV_Tutorial/Example_Programs/BPU/verilog/BRAM2Load.v:30]
INFO: [Synth 8-638] synthesizing module 'BRAM2Load__parameterized2' [/home/ram/Bluespec_BSV_Tutorial/Example_Programs/BPU/verilog/BRAM2Load.v:30]
	Parameter FILENAME bound to: way3.dump - type: string 
	Parameter PIPELINED bound to: 1'b0 
	Parameter ADDR_WIDTH bound to: 8 - type: integer 
	Parameter DATA_WIDTH bound to: 35 - type: integer 
	Parameter MEMSIZE bound to: 9'b100000000 
	Parameter BINARY bound to: 1'b1 
CRITICAL WARNING: [Synth 8-4445] could not open $readmem data file 'way3.dump'; please make sure the file is added to project and has read permission, ignoring [/home/ram/Bluespec_BSV_Tutorial/Example_Programs/BPU/verilog/BRAM2Load.v:87]
INFO: [Synth 8-256] done synthesizing module 'BRAM2Load__parameterized2' (1#1) [/home/ram/Bluespec_BSV_Tutorial/Example_Programs/BPU/verilog/BRAM2Load.v:30]
INFO: [Synth 8-638] synthesizing module 'BRAM2Load__parameterized3' [/home/ram/Bluespec_BSV_Tutorial/Example_Programs/BPU/verilog/BRAM2Load.v:30]
	Parameter FILENAME bound to: way4.dump - type: string 
	Parameter PIPELINED bound to: 1'b0 
	Parameter ADDR_WIDTH bound to: 8 - type: integer 
	Parameter DATA_WIDTH bound to: 35 - type: integer 
	Parameter MEMSIZE bound to: 9'b100000000 
	Parameter BINARY bound to: 1'b1 
CRITICAL WARNING: [Synth 8-4445] could not open $readmem data file 'way4.dump'; please make sure the file is added to project and has read permission, ignoring [/home/ram/Bluespec_BSV_Tutorial/Example_Programs/BPU/verilog/BRAM2Load.v:87]
INFO: [Synth 8-256] done synthesizing module 'BRAM2Load__parameterized3' (1#1) [/home/ram/Bluespec_BSV_Tutorial/Example_Programs/BPU/verilog/BRAM2Load.v:30]
INFO: [Synth 8-256] done synthesizing module 'mkbtb' (2#1) [/home/ram/Bluespec_BSV_Tutorial/Example_Programs/BPU/verilog/mkbtb.v:39]
INFO: [Synth 8-638] synthesizing module 'mkbranch' [/home/ram/Bluespec_BSV_Tutorial/Example_Programs/BPU/verilog/mkbranch.v:39]
INFO: [Synth 8-638] synthesizing module 'BRAM2Load__parameterized4' [/home/ram/Bluespec_BSV_Tutorial/Example_Programs/BPU/verilog/BRAM2Load.v:30]
	Parameter FILENAME bound to: bank1.bin - type: string 
	Parameter PIPELINED bound to: 1'b0 
	Parameter ADDR_WIDTH bound to: 10 - type: integer 
	Parameter DATA_WIDTH bound to: 12 - type: integer 
	Parameter MEMSIZE bound to: 11'b10000000000 
	Parameter BINARY bound to: 1'b1 
CRITICAL WARNING: [Synth 8-4445] could not open $readmem data file 'bank1.bin'; please make sure the file is added to project and has read permission, ignoring [/home/ram/Bluespec_BSV_Tutorial/Example_Programs/BPU/verilog/BRAM2Load.v:87]
INFO: [Synth 8-256] done synthesizing module 'BRAM2Load__parameterized4' (2#1) [/home/ram/Bluespec_BSV_Tutorial/Example_Programs/BPU/verilog/BRAM2Load.v:30]
INFO: [Synth 8-638] synthesizing module 'BRAM2Load__parameterized5' [/home/ram/Bluespec_BSV_Tutorial/Example_Programs/BPU/verilog/BRAM2Load.v:30]
	Parameter FILENAME bound to: bank2.bin - type: string 
	Parameter PIPELINED bound to: 1'b0 
	Parameter ADDR_WIDTH bound to: 10 - type: integer 
	Parameter DATA_WIDTH bound to: 12 - type: integer 
	Parameter MEMSIZE bound to: 11'b10000000000 
	Parameter BINARY bound to: 1'b1 
CRITICAL WARNING: [Synth 8-4445] could not open $readmem data file 'bank2.bin'; please make sure the file is added to project and has read permission, ignoring [/home/ram/Bluespec_BSV_Tutorial/Example_Programs/BPU/verilog/BRAM2Load.v:87]
INFO: [Synth 8-256] done synthesizing module 'BRAM2Load__parameterized5' (2#1) [/home/ram/Bluespec_BSV_Tutorial/Example_Programs/BPU/verilog/BRAM2Load.v:30]
INFO: [Synth 8-638] synthesizing module 'BRAM2Load__parameterized6' [/home/ram/Bluespec_BSV_Tutorial/Example_Programs/BPU/verilog/BRAM2Load.v:30]
	Parameter FILENAME bound to: bank3.bin - type: string 
	Parameter PIPELINED bound to: 1'b0 
	Parameter ADDR_WIDTH bound to: 10 - type: integer 
	Parameter DATA_WIDTH bound to: 12 - type: integer 
	Parameter MEMSIZE bound to: 11'b10000000000 
	Parameter BINARY bound to: 1'b1 
CRITICAL WARNING: [Synth 8-4445] could not open $readmem data file 'bank3.bin'; please make sure the file is added to project and has read permission, ignoring [/home/ram/Bluespec_BSV_Tutorial/Example_Programs/BPU/verilog/BRAM2Load.v:87]
INFO: [Synth 8-256] done synthesizing module 'BRAM2Load__parameterized6' (2#1) [/home/ram/Bluespec_BSV_Tutorial/Example_Programs/BPU/verilog/BRAM2Load.v:30]
INFO: [Synth 8-638] synthesizing module 'BRAM2Load__parameterized7' [/home/ram/Bluespec_BSV_Tutorial/Example_Programs/BPU/verilog/BRAM2Load.v:30]
	Parameter FILENAME bound to: bank4.bin - type: string 
	Parameter PIPELINED bound to: 1'b0 
	Parameter ADDR_WIDTH bound to: 10 - type: integer 
	Parameter DATA_WIDTH bound to: 12 - type: integer 
	Parameter MEMSIZE bound to: 11'b10000000000 
	Parameter BINARY bound to: 1'b1 
CRITICAL WARNING: [Synth 8-4445] could not open $readmem data file 'bank4.bin'; please make sure the file is added to project and has read permission, ignoring [/home/ram/Bluespec_BSV_Tutorial/Example_Programs/BPU/verilog/BRAM2Load.v:87]
INFO: [Synth 8-256] done synthesizing module 'BRAM2Load__parameterized7' (2#1) [/home/ram/Bluespec_BSV_Tutorial/Example_Programs/BPU/verilog/BRAM2Load.v:30]
INFO: [Synth 8-638] synthesizing module 'BRAM2Load__parameterized8' [/home/ram/Bluespec_BSV_Tutorial/Example_Programs/BPU/verilog/BRAM2Load.v:30]
	Parameter FILENAME bound to: bimodal.bin - type: string 
	Parameter PIPELINED bound to: 1'b0 
	Parameter ADDR_WIDTH bound to: 12 - type: integer 
	Parameter DATA_WIDTH bound to: 4 - type: integer 
	Parameter MEMSIZE bound to: 13'b1000000000000 
	Parameter BINARY bound to: 1'b1 
CRITICAL WARNING: [Synth 8-4445] could not open $readmem data file 'bimodal.bin'; please make sure the file is added to project and has read permission, ignoring [/home/ram/Bluespec_BSV_Tutorial/Example_Programs/BPU/verilog/BRAM2Load.v:87]
INFO: [Synth 8-256] done synthesizing module 'BRAM2Load__parameterized8' (2#1) [/home/ram/Bluespec_BSV_Tutorial/Example_Programs/BPU/verilog/BRAM2Load.v:30]
INFO: [Synth 8-638] synthesizing module 'ConstrainedRandom' [/home/ram/Bluespec_BSV_Tutorial/Example_Programs/BPU/verilog/ConstrainedRandom.v:39]
	Parameter width bound to: 3 - type: integer 
	Parameter min bound to: 3'b001 
	Parameter max bound to: 3'b100 
WARNING: [Synth 8-639] system function call 'random' not supported [/home/ram/Bluespec_BSV_Tutorial/Example_Programs/BPU/verilog/ConstrainedRandom.v:63]
WARNING: [Synth 8-639] system function call 'random' not supported [/home/ram/Bluespec_BSV_Tutorial/Example_Programs/BPU/verilog/ConstrainedRandom.v:63]
INFO: [Synth 8-256] done synthesizing module 'ConstrainedRandom' (3#1) [/home/ram/Bluespec_BSV_Tutorial/Example_Programs/BPU/verilog/ConstrainedRandom.v:39]
INFO: [Synth 8-638] synthesizing module 'ConstrainedRandom__parameterized0' [/home/ram/Bluespec_BSV_Tutorial/Example_Programs/BPU/verilog/ConstrainedRandom.v:39]
	Parameter width bound to: 3 - type: integer 
	Parameter min bound to: 3'b010 
	Parameter max bound to: 3'b100 
WARNING: [Synth 8-639] system function call 'random' not supported [/home/ram/Bluespec_BSV_Tutorial/Example_Programs/BPU/verilog/ConstrainedRandom.v:63]
WARNING: [Synth 8-639] system function call 'random' not supported [/home/ram/Bluespec_BSV_Tutorial/Example_Programs/BPU/verilog/ConstrainedRandom.v:63]
INFO: [Synth 8-256] done synthesizing module 'ConstrainedRandom__parameterized0' (3#1) [/home/ram/Bluespec_BSV_Tutorial/Example_Programs/BPU/verilog/ConstrainedRandom.v:39]
INFO: [Synth 8-638] synthesizing module 'ConstrainedRandom__parameterized1' [/home/ram/Bluespec_BSV_Tutorial/Example_Programs/BPU/verilog/ConstrainedRandom.v:39]
	Parameter width bound to: 3 - type: integer 
	Parameter min bound to: 3'b011 
	Parameter max bound to: 3'b100 
WARNING: [Synth 8-639] system function call 'random' not supported [/home/ram/Bluespec_BSV_Tutorial/Example_Programs/BPU/verilog/ConstrainedRandom.v:63]
WARNING: [Synth 8-639] system function call 'random' not supported [/home/ram/Bluespec_BSV_Tutorial/Example_Programs/BPU/verilog/ConstrainedRandom.v:63]
INFO: [Synth 8-256] done synthesizing module 'ConstrainedRandom__parameterized1' (3#1) [/home/ram/Bluespec_BSV_Tutorial/Example_Programs/BPU/verilog/ConstrainedRandom.v:39]
INFO: [Synth 8-256] done synthesizing module 'mkbranch' (4#1) [/home/ram/Bluespec_BSV_Tutorial/Example_Programs/BPU/verilog/mkbranch.v:39]
INFO: [Synth 8-256] done synthesizing module 'mkbpu' (5#1) [/home/ram/Bluespec_BSV_Tutorial/Example_Programs/BPU/verilog/mkbpu.v:40]
WARNING: [Synth 8-3917] design mkbpu has port RDY_send_prediction_request_put driven by constant 1
WARNING: [Synth 8-3331] design mkbranch has unconnected port ma_train_training_data[55]
WARNING: [Synth 8-3331] design mkbranch has unconnected port ma_train_training_data[54]
WARNING: [Synth 8-3331] design mkbranch has unconnected port ma_train_training_data[53]
WARNING: [Synth 8-3331] design mkbranch has unconnected port ma_train_training_data[52]
WARNING: [Synth 8-3331] design mkbranch has unconnected port ma_train_training_data[51]
WARNING: [Synth 8-3331] design mkbranch has unconnected port ma_train_training_data[50]
WARNING: [Synth 8-3331] design mkbranch has unconnected port ma_train_training_data[49]
WARNING: [Synth 8-3331] design mkbranch has unconnected port ma_train_training_data[48]
WARNING: [Synth 8-3331] design mkbranch has unconnected port ma_train_training_data[47]
WARNING: [Synth 8-3331] design mkbranch has unconnected port ma_train_training_data[46]
WARNING: [Synth 8-3331] design mkbranch has unconnected port ma_train_training_data[45]
WARNING: [Synth 8-3331] design mkbranch has unconnected port ma_train_training_data[44]
WARNING: [Synth 8-3331] design mkbtb has unconnected port ma_update_update_val[15]
WARNING: [Synth 8-3331] design mkbtb has unconnected port ma_update_update_val[14]
WARNING: [Synth 8-3331] design mkbpu has unconnected port send_prediction_request_put[42]
WARNING: [Synth 8-3331] design mkbpu has unconnected port send_prediction_request_put[41]
WARNING: [Synth 8-3331] design mkbpu has unconnected port send_prediction_request_put[40]
WARNING: [Synth 8-3331] design mkbpu has unconnected port send_prediction_request_put[39]
WARNING: [Synth 8-3331] design mkbpu has unconnected port send_prediction_request_put[38]
WARNING: [Synth 8-3331] design mkbpu has unconnected port send_prediction_request_put[37]
WARNING: [Synth 8-3331] design mkbpu has unconnected port send_prediction_request_put[36]
WARNING: [Synth 8-3331] design mkbpu has unconnected port send_prediction_request_put[35]
WARNING: [Synth 8-3331] design mkbpu has unconnected port send_prediction_request_put[34]
WARNING: [Synth 8-3331] design mkbpu has unconnected port send_prediction_request_put[33]
WARNING: [Synth 8-3331] design mkbpu has unconnected port send_prediction_request_put[32]
WARNING: [Synth 8-3331] design mkbpu has unconnected port EN_prediction_response_get
---------------------------------------------------------------------------------
Finished RTL Elaboration : Time (s): cpu = 00:00:06 ; elapsed = 00:00:10 . Memory (MB): peak = 1099.387 ; gain = 212.527 ; free physical = 12641 ; free virtual = 29893
---------------------------------------------------------------------------------

Report Check Netlist: 
+------+------------------+-------+---------+-------+------------------+
|      |Item              |Errors |Warnings |Status |Description       |
+------+------------------+-------+---------+-------+------------------+
|1     |multi_driven_nets |      0|        0|Passed |Multi driven nets |
+------+------------------+-------+---------+-------+------------------+
---------------------------------------------------------------------------------
Finished RTL Optimization Phase 1 : Time (s): cpu = 00:00:06 ; elapsed = 00:00:10 . Memory (MB): peak = 1099.387 ; gain = 212.527 ; free physical = 12641 ; free virtual = 29893
---------------------------------------------------------------------------------
INFO: [Device 21-403] Loading part xc7a100tcsg324-1
INFO: [Project 1-570] Preparing netlist for logic optimization

Processing XDC Constraints
Initializing timing engine
Parsing XDC File [/home/ram/Bluespec_BSV_Tutorial/Example_Programs/BPU/src/tcl/constraints.xdc]
INFO: [Vivado 12-2286] Implicit search of objects for pattern 'CLK' matched to 'port' objects. [/home/ram/Bluespec_BSV_Tutorial/Example_Programs/BPU/src/tcl/constraints.xdc:1]
Resolution: To avoid ambiguous patterns, provide proper objects using get commands e.g. [get_nets xyz].
Finished Parsing XDC File [/home/ram/Bluespec_BSV_Tutorial/Example_Programs/BPU/src/tcl/constraints.xdc]
INFO: [Project 1-236] Implementation specific constraints were found while reading constraint file [/home/ram/Bluespec_BSV_Tutorial/Example_Programs/BPU/src/tcl/constraints.xdc]. These constraints will be ignored for synthesis but will be used in implementation. Impacted constraints are listed in the file [.Xil/mkbpu_propImpl.xdc].
Resolution: To avoid this warning, move constraints listed in [.Xil/mkbpu_propImpl.xdc] to another XDC file and exclude this new file from synthesis with the used_in_synthesis property (File Properties dialog in GUI) and re-run elaboration/synthesis.
Completed Processing XDC Constraints

INFO: [Project 1-111] Unisim Transformation Summary:
No Unisim elements were transformed.

Constraint Validation Runtime : Time (s): cpu = 00:00:00 ; elapsed = 00:00:00 . Memory (MB): peak = 1444.105 ; gain = 0.000 ; free physical = 12457 ; free virtual = 29711
---------------------------------------------------------------------------------
Finished Constraint Validation : Time (s): cpu = 00:00:13 ; elapsed = 00:00:17 . Memory (MB): peak = 1444.105 ; gain = 557.246 ; free physical = 12455 ; free virtual = 29710
---------------------------------------------------------------------------------
---------------------------------------------------------------------------------
Start Loading Part and Timing Information
---------------------------------------------------------------------------------
Loading part: xc7a100tcsg324-1
---------------------------------------------------------------------------------
Finished Loading Part and Timing Information : Time (s): cpu = 00:00:13 ; elapsed = 00:00:17 . Memory (MB): peak = 1444.105 ; gain = 557.246 ; free physical = 12455 ; free virtual = 29710
---------------------------------------------------------------------------------
---------------------------------------------------------------------------------
Start Applying 'set_property' XDC Constraints
---------------------------------------------------------------------------------
---------------------------------------------------------------------------------
Finished applying 'set_property' XDC Constraints : Time (s): cpu = 00:00:13 ; elapsed = 00:00:17 . Memory (MB): peak = 1444.105 ; gain = 557.246 ; free physical = 12455 ; free virtual = 29710
---------------------------------------------------------------------------------
INFO: [Synth 8-5818] HDL ADVISOR - The operator resource <adder> is shared. To prevent sharing consider applying a KEEP on the output of the operator [/home/ram/Bluespec_BSV_Tutorial/Example_Programs/BPU/verilog/mkbtb.v:161]
INFO: [Synth 8-4471] merging register 'random_bank1_initialized_reg' into 'random_bank0_initialized_reg' [/home/ram/Bluespec_BSV_Tutorial/Example_Programs/BPU/verilog/mkbranch.v:346]
INFO: [Synth 8-4471] merging register 'random_bank2_initialized_reg' into 'random_bank0_initialized_reg' [/home/ram/Bluespec_BSV_Tutorial/Example_Programs/BPU/verilog/mkbranch.v:347]
INFO: [Synth 8-5544] ROM "IF_ma_train_training_data_BIT_10_76_THEN_0b11__ETC___d3120" won't be mapped to Block RAM because address size (1) smaller than threshold (5)
INFO: [Synth 8-5544] ROM "IF_ma_train_training_data_BIT_10_76_OR_ma_trai_ETC___d324" won't be mapped to Block RAM because address size (1) smaller than threshold (5)
INFO: [Synth 8-3971] The signal RAM_reg was recognized as a true dual port RAM template.
INFO: [Synth 8-3971] The signal RAM_reg was recognized as a true dual port RAM template.
INFO: [Synth 8-3971] The signal RAM_reg was recognized as a true dual port RAM template.
INFO: [Synth 8-3971] The signal RAM_reg was recognized as a true dual port RAM template.
INFO: [Synth 8-3971] The signal RAM_reg was recognized as a true dual port RAM template.
INFO: [Synth 8-3971] The signal RAM_reg was recognized as a true dual port RAM template.
INFO: [Synth 8-3971] The signal RAM_reg was recognized as a true dual port RAM template.
INFO: [Synth 8-3971] The signal RAM_reg was recognized as a true dual port RAM template.
INFO: [Synth 8-3971] The signal RAM_reg was recognized as a true dual port RAM template.
INFO: [Synth 8-3971] The signal RAM_reg was recognized as a true dual port RAM template.
---------------------------------------------------------------------------------
Finished RTL Optimization Phase 2 : Time (s): cpu = 00:00:13 ; elapsed = 00:00:18 . Memory (MB): peak = 1444.105 ; gain = 557.246 ; free physical = 12439 ; free virtual = 29694
---------------------------------------------------------------------------------

Report RTL Partitions: 
+-+--------------+------------+----------+
| |RTL Partition |Replication |Instances |
+-+--------------+------------+----------+
+-+--------------+------------+----------+
---------------------------------------------------------------------------------
Start RTL Component Statistics 
---------------------------------------------------------------------------------
Detailed RTL Component Info : 
+---Adders : 
	   2 Input     32 Bit       Adders := 2     
	   2 Input     10 Bit       Adders := 1     
	   2 Input      9 Bit       Adders := 1     
	   2 Input      3 Bit       Adders := 2     
	   2 Input      2 Bit       Adders := 1     
+---XORs : 
	   2 Input     10 Bit         XORs := 10    
	   2 Input      8 Bit         XORs := 12    
	   2 Input      1 Bit         XORs := 17    
+---Registers : 
	               80 Bit    Registers := 1     
	               35 Bit    Registers := 8     
	               32 Bit    Registers := 3     
	               12 Bit    Registers := 8     
	               10 Bit    Registers := 4     
	                9 Bit    Registers := 1     
	                8 Bit    Registers := 4     
	                7 Bit    Registers := 4     
	                4 Bit    Registers := 2     
	                3 Bit    Registers := 3     
	                2 Bit    Registers := 2     
	                1 Bit    Registers := 4     
+---RAMs : 
	              16K Bit         RAMs := 1     
	              12K Bit         RAMs := 4     
	               8K Bit         RAMs := 4     
	              512 Bit         RAMs := 1     
+---Muxes : 
	   2 Input     56 Bit        Muxes := 4     
	   2 Input     35 Bit        Muxes := 4     
	   2 Input     32 Bit        Muxes := 2     
	   4 Input     12 Bit        Muxes := 1     
	   2 Input     12 Bit        Muxes := 47    
	   2 Input     10 Bit        Muxes := 4     
	   2 Input      8 Bit        Muxes := 8     
	   2 Input      4 Bit        Muxes := 2     
	   5 Input      3 Bit        Muxes := 1     
	   2 Input      3 Bit        Muxes := 5     
	   3 Input      3 Bit        Muxes := 1     
	   4 Input      2 Bit        Muxes := 2     
	   5 Input      2 Bit        Muxes := 1     
	   2 Input      2 Bit        Muxes := 1     
	   4 Input      1 Bit        Muxes := 1     
	   2 Input      1 Bit        Muxes := 36    
---------------------------------------------------------------------------------
Finished RTL Component Statistics 
---------------------------------------------------------------------------------
---------------------------------------------------------------------------------
Start RTL Hierarchical Component Statistics 
---------------------------------------------------------------------------------
Hierarchical RTL Component report 
Module mkbpu 
Detailed RTL Component Info : 
+---Adders : 
	   2 Input     32 Bit       Adders := 1     
+---Registers : 
	               32 Bit    Registers := 1     
+---Muxes : 
	   2 Input     56 Bit        Muxes := 4     
	   2 Input     32 Bit        Muxes := 2     
Module BRAM2Load 
Detailed RTL Component Info : 
+---Registers : 
	                2 Bit    Registers := 2     
+---RAMs : 
	              512 Bit         RAMs := 1     
Module BRAM2Load__parameterized0 
Detailed RTL Component Info : 
+---Registers : 
	               35 Bit    Registers := 2     
+---RAMs : 
	               8K Bit         RAMs := 1     
Module BRAM2Load__parameterized1 
Detailed RTL Component Info : 
+---Registers : 
	               35 Bit    Registers := 2     
+---RAMs : 
	               8K Bit         RAMs := 1     
Module BRAM2Load__parameterized2 
Detailed RTL Component Info : 
+---Registers : 
	               35 Bit    Registers := 2     
+---RAMs : 
	               8K Bit         RAMs := 1     
Module BRAM2Load__parameterized3 
Detailed RTL Component Info : 
+---Registers : 
	               35 Bit    Registers := 2     
+---RAMs : 
	               8K Bit         RAMs := 1     
Module mkbtb 
Detailed RTL Component Info : 
+---Adders : 
	   2 Input     32 Bit       Adders := 1     
	   2 Input      9 Bit       Adders := 1     
	   2 Input      2 Bit       Adders := 1     
+---Registers : 
	               32 Bit    Registers := 1     
	                9 Bit    Registers := 1     
	                1 Bit    Registers := 1     
+---Muxes : 
	   2 Input     35 Bit        Muxes := 4     
	   4 Input     12 Bit        Muxes := 1     
	   2 Input      8 Bit        Muxes := 5     
	   4 Input      2 Bit        Muxes := 2     
	   5 Input      2 Bit        Muxes := 1     
	   2 Input      2 Bit        Muxes := 1     
	   4 Input      1 Bit        Muxes := 1     
	   2 Input      1 Bit        Muxes := 1     
Module BRAM2Load__parameterized4 
Detailed RTL Component Info : 
+---Registers : 
	               12 Bit    Registers := 2     
+---RAMs : 
	              12K Bit         RAMs := 1     
Module BRAM2Load__parameterized5 
Detailed RTL Component Info : 
+---Registers : 
	               12 Bit    Registers := 2     
+---RAMs : 
	              12K Bit         RAMs := 1     
Module BRAM2Load__parameterized6 
Detailed RTL Component Info : 
+---Registers : 
	               12 Bit    Registers := 2     
+---RAMs : 
	              12K Bit         RAMs := 1     
Module BRAM2Load__parameterized7 
Detailed RTL Component Info : 
+---Registers : 
	               12 Bit    Registers := 2     
+---RAMs : 
	              12K Bit         RAMs := 1     
Module BRAM2Load__parameterized8 
Detailed RTL Component Info : 
+---Registers : 
	                4 Bit    Registers := 2     
+---RAMs : 
	              16K Bit         RAMs := 1     
Module ConstrainedRandom 
Detailed RTL Component Info : 
+---Registers : 
	                3 Bit    Registers := 1     
+---Muxes : 
	   2 Input      1 Bit        Muxes := 1     
Module ConstrainedRandom__parameterized0 
Detailed RTL Component Info : 
+---Registers : 
	                3 Bit    Registers := 1     
+---Muxes : 
	   2 Input      1 Bit        Muxes := 1     
Module ConstrainedRandom__parameterized1 
Detailed RTL Component Info : 
+---Registers : 
	                3 Bit    Registers := 1     
+---Muxes : 
	   2 Input      1 Bit        Muxes := 1     
Module mkbranch 
Detailed RTL Component Info : 
+---Adders : 
	   2 Input     10 Bit       Adders := 1     
	   2 Input      3 Bit       Adders := 2     
+---XORs : 
	   2 Input     10 Bit         XORs := 10    
	   2 Input      8 Bit         XORs := 12    
	   2 Input      1 Bit         XORs := 17    
+---Registers : 
	               80 Bit    Registers := 1     
	               32 Bit    Registers := 1     
	               10 Bit    Registers := 4     
	                8 Bit    Registers := 4     
	                7 Bit    Registers := 4     
	                1 Bit    Registers := 3     
+---Muxes : 
	   2 Input     12 Bit        Muxes := 47    
	   2 Input     10 Bit        Muxes := 4     
	   2 Input      8 Bit        Muxes := 3     
	   2 Input      4 Bit        Muxes := 2     
	   5 Input      3 Bit        Muxes := 1     
	   2 Input      3 Bit        Muxes := 5     
	   3 Input      3 Bit        Muxes := 1     
	   2 Input      1 Bit        Muxes := 32    
---------------------------------------------------------------------------------
Finished RTL Hierarchical Component Statistics
---------------------------------------------------------------------------------
---------------------------------------------------------------------------------
Start Part Resource Summary
---------------------------------------------------------------------------------
Part Resources:
DSPs: 240 (col length:80)
BRAMs: 270 (col length: RAMB18 80 RAMB36 40)
---------------------------------------------------------------------------------
Finished Part Resource Summary
---------------------------------------------------------------------------------
Start Parallel Synthesis Optimization  : Time (s): cpu = 00:00:13 ; elapsed = 00:00:18 . Memory (MB): peak = 1444.105 ; gain = 557.246 ; free physical = 12439 ; free virtual = 29694
---------------------------------------------------------------------------------
Start Cross Boundary Optimization
---------------------------------------------------------------------------------
WARNING: [Synth 8-3917] design mkbpu has port RDY_send_prediction_request_put driven by constant 1
WARNING: [Synth 8-3331] design mkbranch has unconnected port ma_train_training_data[55]
WARNING: [Synth 8-3331] design mkbranch has unconnected port ma_train_training_data[54]
WARNING: [Synth 8-3331] design mkbranch has unconnected port ma_train_training_data[53]
WARNING: [Synth 8-3331] design mkbranch has unconnected port ma_train_training_data[52]
WARNING: [Synth 8-3331] design mkbranch has unconnected port ma_train_training_data[51]
WARNING: [Synth 8-3331] design mkbranch has unconnected port ma_train_training_data[50]
WARNING: [Synth 8-3331] design mkbranch has unconnected port ma_train_training_data[49]
WARNING: [Synth 8-3331] design mkbranch has unconnected port ma_train_training_data[48]
WARNING: [Synth 8-3331] design mkbranch has unconnected port ma_train_training_data[47]
WARNING: [Synth 8-3331] design mkbranch has unconnected port ma_train_training_data[46]
WARNING: [Synth 8-3331] design mkbranch has unconnected port ma_train_training_data[45]
WARNING: [Synth 8-3331] design mkbranch has unconnected port ma_train_training_data[44]
WARNING: [Synth 8-3331] design mkbtb has unconnected port ma_update_update_val[15]
WARNING: [Synth 8-3331] design mkbtb has unconnected port ma_update_update_val[14]
WARNING: [Synth 8-3331] design mkbpu has unconnected port send_prediction_request_put[42]
WARNING: [Synth 8-3331] design mkbpu has unconnected port send_prediction_request_put[41]
WARNING: [Synth 8-3331] design mkbpu has unconnected port send_prediction_request_put[40]
WARNING: [Synth 8-3331] design mkbpu has unconnected port send_prediction_request_put[39]
WARNING: [Synth 8-3331] design mkbpu has unconnected port send_prediction_request_put[38]
WARNING: [Synth 8-3331] design mkbpu has unconnected port send_prediction_request_put[37]
WARNING: [Synth 8-3331] design mkbpu has unconnected port send_prediction_request_put[36]
WARNING: [Synth 8-3331] design mkbpu has unconnected port send_prediction_request_put[35]
WARNING: [Synth 8-3331] design mkbpu has unconnected port send_prediction_request_put[34]
WARNING: [Synth 8-3331] design mkbpu has unconnected port send_prediction_request_put[33]
WARNING: [Synth 8-3331] design mkbpu has unconnected port send_prediction_request_put[32]
WARNING: [Synth 8-3331] design mkbpu has unconnected port EN_prediction_response_get
---------------------------------------------------------------------------------
Finished Cross Boundary Optimization : Time (s): cpu = 00:00:13 ; elapsed = 00:00:18 . Memory (MB): peak = 1444.105 ; gain = 557.246 ; free physical = 12439 ; free virtual = 29694
---------------------------------------------------------------------------------
Finished Parallel Reinference  : Time (s): cpu = 00:00:13 ; elapsed = 00:00:18 . Memory (MB): peak = 1444.105 ; gain = 557.246 ; free physical = 12439 ; free virtual = 29694

Report RTL Partitions: 
+-+--------------+------------+----------+
| |RTL Partition |Replication |Instances |
+-+--------------+------------+----------+
+-+--------------+------------+----------+
---------------------------------------------------------------------------------
Start ROM, RAM, DSP and Shift Register Reporting
---------------------------------------------------------------------------------

Block RAM: Preliminary Mapping  Report (see note below)
+------------+------------+------------------------+---+---+------------------------+---+---+------------------+--------+--------+
|Module Name | RTL Object | PORT A (Depth x Width) | W | R | PORT B (Depth x Width) | W | R | Ports driving FF | RAMB18 | RAMB36 | 
+------------+------------+------------------------+---+---+------------------------+---+---+------------------+--------+--------+
|BRAM2Load   | RAM_reg    | 256 x 35(READ_FIRST)   | W |   | 256 x 35(WRITE_FIRST)  |   | R | Port A and B     | 1      | 0      | 
|BRAM2Load   | RAM_reg    | 256 x 35(READ_FIRST)   | W |   | 256 x 35(WRITE_FIRST)  |   | R | Port A and B     | 1      | 0      | 
|BRAM2Load   | RAM_reg    | 256 x 35(READ_FIRST)   | W |   | 256 x 35(WRITE_FIRST)  |   | R | Port A and B     | 1      | 0      | 
|BRAM2Load   | RAM_reg    | 256 x 35(READ_FIRST)   | W |   | 256 x 35(WRITE_FIRST)  |   | R | Port A and B     | 1      | 0      | 
|BRAM2Load   | RAM_reg    | 1 K x 12(WRITE_FIRST)  | W | R | 1 K x 12(WRITE_FIRST)  | W | R | Port A and B     | 1      | 0      | 
|BRAM2Load   | RAM_reg    | 1 K x 12(WRITE_FIRST)  | W | R | 1 K x 12(WRITE_FIRST)  | W | R | Port A and B     | 1      | 0      | 
|BRAM2Load   | RAM_reg    | 1 K x 12(WRITE_FIRST)  | W | R | 1 K x 12(WRITE_FIRST)  | W | R | Port A and B     | 1      | 0      | 
|BRAM2Load   | RAM_reg    | 1 K x 12(WRITE_FIRST)  | W | R | 1 K x 12(WRITE_FIRST)  | W | R | Port A and B     | 1      | 0      | 
|BRAM2Load   | RAM_reg    | 4 K x 4(WRITE_FIRST)   | W | R | 4 K x 4(WRITE_FIRST)   | W | R | Port A and B     | 1      | 0      | 
+------------+------------+------------------------+---+---+------------------------+---+---+------------------+--------+--------+

Note: The table above is a preliminary report that shows the Block RAMs at the current stage of the synthesis flow. Some Block RAMs may be reimplemented as non Block RAM primitives later in the synthesis flow. Multiple instantiated Block RAMs are reported only once. 

Distributed RAM: Preliminary Mapping  Report (see note below)
+------------+------------+-----------+----------------------+-----------------+
|Module Name | RTL Object | Inference | Size (Depth x Width) | Primitives      | 
+------------+------------+-----------+----------------------+-----------------+
|BRAM2Load   | RAM_reg    | Implied   | 256 x 2              | RAM128X1D x 4   | 
+------------+------------+-----------+----------------------+-----------------+

Note: The table above is a preliminary report that shows the Distributed RAMs at the current stage of the synthesis flow. Some Distributed RAMs may be reimplemented as non Distributed RAM primitives later in the synthesis flow. Multiple instantiated RAMs are reported only once.
---------------------------------------------------------------------------------
Finished ROM, RAM, DSP and Shift Register Reporting
---------------------------------------------------------------------------------
---------------------------------------------------------------------------------
Start Area Optimization
---------------------------------------------------------------------------------
INFO: [Synth 8-3886] merging instance 'tage_predictor/random_bank0/OUT_reg[2]' (FDRE) to 'tage_predictor/random_bank0/OUT_reg[1]'
INFO: [Synth 8-3333] propagating constant 1 across sequential element (tage_predictor/random_bank0/\OUT_reg[0] )
INFO: [Synth 8-3333] propagating constant 0 across sequential element (tage_predictor/random_bank0/\OUT_reg[1] )
INFO: [Synth 8-3333] propagating constant 1 across sequential element (tage_predictor/random_bank1/\OUT_reg[1] )
INFO: [Synth 8-3886] merging instance 'tage_predictor/random_bank1/OUT_reg[0]' (FDRE) to 'tage_predictor/random_bank1/OUT_reg[2]'
INFO: [Synth 8-3333] propagating constant 0 across sequential element (tage_predictor/random_bank1/\OUT_reg[2] )
INFO: [Synth 8-3886] merging instance 'tage_predictor/random_bank2/OUT_reg[1]' (FDSE) to 'tage_predictor/random_bank2/OUT_reg[0]'
INFO: [Synth 8-3333] propagating constant 1 across sequential element (tage_predictor/random_bank2/\OUT_reg[0] )
INFO: [Synth 8-3333] propagating constant 0 across sequential element (tage_predictor/random_bank2/\OUT_reg[2] )
INFO: [Synth 8-3886] merging instance 'tage_predictor/rg_bank1_csr_p_reg[0]' (FDRE) to 'tage_predictor/rg_bank1_csr_s_reg[0]'
INFO: [Synth 8-3886] merging instance 'tage_predictor/rg_bank1_csr_p_reg[1]' (FDRE) to 'tage_predictor/rg_bank1_csr_s_reg[1]'
INFO: [Synth 8-3886] merging instance 'tage_predictor/rg_bank1_csr_p_reg[2]' (FDRE) to 'tage_predictor/rg_bank1_csr_s_reg[2]'
INFO: [Synth 8-3886] merging instance 'tage_predictor/rg_bank1_csr_p_reg[3]' (FDRE) to 'tage_predictor/rg_bank1_csr_s_reg[3]'
INFO: [Synth 8-3886] merging instance 'tage_predictor/rg_bank2_csr_s_reg[5]' (FDRE) to 'tage_predictor/rg_bank2_csr_p_reg[5]'
INFO: [Synth 8-3886] merging instance 'tage_predictor/rg_bank2_csr_p_reg[1]' (FDRE) to 'tage_predictor/rg_bank2_csr_s_reg[1]'
INFO: [Synth 8-3886] merging instance 'tage_predictor/rg_bank2_csr_p_reg[2]' (FDRE) to 'tage_predictor/rg_bank2_csr_s_reg[2]'
INFO: [Synth 8-3886] merging instance 'tage_predictor/rg_bank2_csr_p_reg[3]' (FDRE) to 'tage_predictor/rg_bank2_csr_s_reg[3]'
INFO: [Synth 8-3886] merging instance 'tage_predictor/rg_bank3_csr_p_reg[1]' (FDRE) to 'tage_predictor/rg_bank3_csr_s_reg[1]'
INFO: [Synth 8-3886] merging instance 'tage_predictor/rg_bank3_csr_p_reg[2]' (FDRE) to 'tage_predictor/rg_bank3_csr_s_reg[2]'
INFO: [Synth 8-3886] merging instance 'tage_predictor/rg_bank3_csr_p_reg[3]' (FDRE) to 'tage_predictor/rg_bank3_csr_s_reg[3]'
INFO: [Synth 8-3886] merging instance 'tage_predictor/rg_bank3_csr_p_reg[4]' (FDRE) to 'tage_predictor/rg_bank3_csr_s_reg[4]'
INFO: [Synth 8-3886] merging instance 'tage_predictor/rg_bank4_csr_p_reg[1]' (FDRE) to 'tage_predictor/rg_bank4_csr_s_reg[1]'
INFO: [Synth 8-3886] merging instance 'tage_predictor/rg_bank4_csr_p_reg[2]' (FDRE) to 'tage_predictor/rg_bank4_csr_s_reg[2]'
WARNING: [Synth 8-3332] Sequential element (DOB_R_reg[1]) is unused and will be removed from module BRAM2Load.
WARNING: [Synth 8-3332] Sequential element (DOB_R_reg[0]) is unused and will be removed from module BRAM2Load.
WARNING: [Synth 8-3332] Sequential element (DOB_R_reg[34]) is unused and will be removed from module BRAM2Load__parameterized0.
WARNING: [Synth 8-3332] Sequential element (DOB_R_reg[33]) is unused and will be removed from module BRAM2Load__parameterized0.
WARNING: [Synth 8-3332] Sequential element (DOB_R_reg[32]) is unused and will be removed from module BRAM2Load__parameterized0.
WARNING: [Synth 8-3332] Sequential element (DOB_R_reg[31]) is unused and will be removed from module BRAM2Load__parameterized0.
WARNING: [Synth 8-3332] Sequential element (DOB_R_reg[30]) is unused and will be removed from module BRAM2Load__parameterized0.
WARNING: [Synth 8-3332] Sequential element (DOB_R_reg[29]) is unused and will be removed from module BRAM2Load__parameterized0.
WARNING: [Synth 8-3332] Sequential element (DOB_R_reg[28]) is unused and will be removed from module BRAM2Load__parameterized0.
WARNING: [Synth 8-3332] Sequential element (DOB_R_reg[27]) is unused and will be removed from module BRAM2Load__parameterized0.
WARNING: [Synth 8-3332] Sequential element (DOB_R_reg[26]) is unused and will be removed from module BRAM2Load__parameterized0.
WARNING: [Synth 8-3332] Sequential element (DOB_R_reg[25]) is unused and will be removed from module BRAM2Load__parameterized0.
WARNING: [Synth 8-3332] Sequential element (DOB_R_reg[24]) is unused and will be removed from module BRAM2Load__parameterized0.
WARNING: [Synth 8-3332] Sequential element (DOB_R_reg[23]) is unused and will be removed from module BRAM2Load__parameterized0.
WARNING: [Synth 8-3332] Sequential element (DOB_R_reg[22]) is unused and will be removed from module BRAM2Load__parameterized0.
WARNING: [Synth 8-3332] Sequential element (DOB_R_reg[21]) is unused and will be removed from module BRAM2Load__parameterized0.
WARNING: [Synth 8-3332] Sequential element (DOB_R_reg[20]) is unused and will be removed from module BRAM2Load__parameterized0.
WARNING: [Synth 8-3332] Sequential element (DOB_R_reg[19]) is unused and will be removed from module BRAM2Load__parameterized0.
WARNING: [Synth 8-3332] Sequential element (DOB_R_reg[18]) is unused and will be removed from module BRAM2Load__parameterized0.
WARNING: [Synth 8-3332] Sequential element (DOB_R_reg[17]) is unused and will be removed from module BRAM2Load__parameterized0.
WARNING: [Synth 8-3332] Sequential element (DOB_R_reg[16]) is unused and will be removed from module BRAM2Load__parameterized0.
WARNING: [Synth 8-3332] Sequential element (DOB_R_reg[15]) is unused and will be removed from module BRAM2Load__parameterized0.
WARNING: [Synth 8-3332] Sequential element (DOB_R_reg[14]) is unused and will be removed from module BRAM2Load__parameterized0.
WARNING: [Synth 8-3332] Sequential element (DOB_R_reg[13]) is unused and will be removed from module BRAM2Load__parameterized0.
WARNING: [Synth 8-3332] Sequential element (DOB_R_reg[12]) is unused and will be removed from module BRAM2Load__parameterized0.
WARNING: [Synth 8-3332] Sequential element (DOB_R_reg[11]) is unused and will be removed from module BRAM2Load__parameterized0.
WARNING: [Synth 8-3332] Sequential element (DOB_R_reg[10]) is unused and will be removed from module BRAM2Load__parameterized0.
WARNING: [Synth 8-3332] Sequential element (DOB_R_reg[9]) is unused and will be removed from module BRAM2Load__parameterized0.
WARNING: [Synth 8-3332] Sequential element (DOB_R_reg[8]) is unused and will be removed from module BRAM2Load__parameterized0.
WARNING: [Synth 8-3332] Sequential element (DOB_R_reg[7]) is unused and will be removed from module BRAM2Load__parameterized0.
WARNING: [Synth 8-3332] Sequential element (DOB_R_reg[6]) is unused and will be removed from module BRAM2Load__parameterized0.
WARNING: [Synth 8-3332] Sequential element (DOB_R_reg[5]) is unused and will be removed from module BRAM2Load__parameterized0.
WARNING: [Synth 8-3332] Sequential element (DOB_R_reg[4]) is unused and will be removed from module BRAM2Load__parameterized0.
WARNING: [Synth 8-3332] Sequential element (DOB_R_reg[3]) is unused and will be removed from module BRAM2Load__parameterized0.
WARNING: [Synth 8-3332] Sequential element (DOB_R_reg[2]) is unused and will be removed from module BRAM2Load__parameterized0.
WARNING: [Synth 8-3332] Sequential element (DOB_R_reg[1]) is unused and will be removed from module BRAM2Load__parameterized0.
WARNING: [Synth 8-3332] Sequential element (DOB_R_reg[0]) is unused and will be removed from module BRAM2Load__parameterized0.
WARNING: [Synth 8-3332] Sequential element (DOB_R_reg[34]) is unused and will be removed from module BRAM2Load__parameterized1.
WARNING: [Synth 8-3332] Sequential element (DOB_R_reg[33]) is unused and will be removed from module BRAM2Load__parameterized1.
WARNING: [Synth 8-3332] Sequential element (DOB_R_reg[32]) is unused and will be removed from module BRAM2Load__parameterized1.
WARNING: [Synth 8-3332] Sequential element (DOB_R_reg[31]) is unused and will be removed from module BRAM2Load__parameterized1.
WARNING: [Synth 8-3332] Sequential element (DOB_R_reg[30]) is unused and will be removed from module BRAM2Load__parameterized1.
WARNING: [Synth 8-3332] Sequential element (DOB_R_reg[29]) is unused and will be removed from module BRAM2Load__parameterized1.
WARNING: [Synth 8-3332] Sequential element (DOB_R_reg[28]) is unused and will be removed from module BRAM2Load__parameterized1.
WARNING: [Synth 8-3332] Sequential element (DOB_R_reg[27]) is unused and will be removed from module BRAM2Load__parameterized1.
WARNING: [Synth 8-3332] Sequential element (DOB_R_reg[26]) is unused and will be removed from module BRAM2Load__parameterized1.
WARNING: [Synth 8-3332] Sequential element (DOB_R_reg[25]) is unused and will be removed from module BRAM2Load__parameterized1.
WARNING: [Synth 8-3332] Sequential element (DOB_R_reg[24]) is unused and will be removed from module BRAM2Load__parameterized1.
WARNING: [Synth 8-3332] Sequential element (DOB_R_reg[23]) is unused and will be removed from module BRAM2Load__parameterized1.
WARNING: [Synth 8-3332] Sequential element (DOB_R_reg[22]) is unused and will be removed from module BRAM2Load__parameterized1.
WARNING: [Synth 8-3332] Sequential element (DOB_R_reg[21]) is unused and will be removed from module BRAM2Load__parameterized1.
WARNING: [Synth 8-3332] Sequential element (DOB_R_reg[20]) is unused and will be removed from module BRAM2Load__parameterized1.
WARNING: [Synth 8-3332] Sequential element (DOB_R_reg[19]) is unused and will be removed from module BRAM2Load__parameterized1.
WARNING: [Synth 8-3332] Sequential element (DOB_R_reg[18]) is unused and will be removed from module BRAM2Load__parameterized1.
WARNING: [Synth 8-3332] Sequential element (DOB_R_reg[17]) is unused and will be removed from module BRAM2Load__parameterized1.
WARNING: [Synth 8-3332] Sequential element (DOB_R_reg[16]) is unused and will be removed from module BRAM2Load__parameterized1.
WARNING: [Synth 8-3332] Sequential element (DOB_R_reg[15]) is unused and will be removed from module BRAM2Load__parameterized1.
WARNING: [Synth 8-3332] Sequential element (DOB_R_reg[14]) is unused and will be removed from module BRAM2Load__parameterized1.
WARNING: [Synth 8-3332] Sequential element (DOB_R_reg[13]) is unused and will be removed from module BRAM2Load__parameterized1.
WARNING: [Synth 8-3332] Sequential element (DOB_R_reg[12]) is unused and will be removed from module BRAM2Load__parameterized1.
WARNING: [Synth 8-3332] Sequential element (DOB_R_reg[11]) is unused and will be removed from module BRAM2Load__parameterized1.
WARNING: [Synth 8-3332] Sequential element (DOB_R_reg[10]) is unused and will be removed from module BRAM2Load__parameterized1.
WARNING: [Synth 8-3332] Sequential element (DOB_R_reg[9]) is unused and will be removed from module BRAM2Load__parameterized1.
WARNING: [Synth 8-3332] Sequential element (DOB_R_reg[8]) is unused and will be removed from module BRAM2Load__parameterized1.
WARNING: [Synth 8-3332] Sequential element (DOB_R_reg[7]) is unused and will be removed from module BRAM2Load__parameterized1.
WARNING: [Synth 8-3332] Sequential element (DOB_R_reg[6]) is unused and will be removed from module BRAM2Load__parameterized1.
WARNING: [Synth 8-3332] Sequential element (DOB_R_reg[5]) is unused and will be removed from module BRAM2Load__parameterized1.
WARNING: [Synth 8-3332] Sequential element (DOB_R_reg[4]) is unused and will be removed from module BRAM2Load__parameterized1.
WARNING: [Synth 8-3332] Sequential element (DOB_R_reg[3]) is unused and will be removed from module BRAM2Load__parameterized1.
WARNING: [Synth 8-3332] Sequential element (DOB_R_reg[2]) is unused and will be removed from module BRAM2Load__parameterized1.
WARNING: [Synth 8-3332] Sequential element (DOB_R_reg[1]) is unused and will be removed from module BRAM2Load__parameterized1.
WARNING: [Synth 8-3332] Sequential element (DOB_R_reg[0]) is unused and will be removed from module BRAM2Load__parameterized1.
WARNING: [Synth 8-3332] Sequential element (DOB_R_reg[34]) is unused and will be removed from module BRAM2Load__parameterized2.
WARNING: [Synth 8-3332] Sequential element (DOB_R_reg[33]) is unused and will be removed from module BRAM2Load__parameterized2.
WARNING: [Synth 8-3332] Sequential element (DOB_R_reg[32]) is unused and will be removed from module BRAM2Load__parameterized2.
WARNING: [Synth 8-3332] Sequential element (DOB_R_reg[31]) is unused and will be removed from module BRAM2Load__parameterized2.
WARNING: [Synth 8-3332] Sequential element (DOB_R_reg[30]) is unused and will be removed from module BRAM2Load__parameterized2.
WARNING: [Synth 8-3332] Sequential element (DOB_R_reg[29]) is unused and will be removed from module BRAM2Load__parameterized2.
WARNING: [Synth 8-3332] Sequential element (DOB_R_reg[28]) is unused and will be removed from module BRAM2Load__parameterized2.
WARNING: [Synth 8-3332] Sequential element (DOB_R_reg[27]) is unused and will be removed from module BRAM2Load__parameterized2.
WARNING: [Synth 8-3332] Sequential element (DOB_R_reg[26]) is unused and will be removed from module BRAM2Load__parameterized2.
WARNING: [Synth 8-3332] Sequential element (DOB_R_reg[25]) is unused and will be removed from module BRAM2Load__parameterized2.
WARNING: [Synth 8-3332] Sequential element (DOB_R_reg[24]) is unused and will be removed from module BRAM2Load__parameterized2.
WARNING: [Synth 8-3332] Sequential element (DOB_R_reg[23]) is unused and will be removed from module BRAM2Load__parameterized2.
WARNING: [Synth 8-3332] Sequential element (DOB_R_reg[22]) is unused and will be removed from module BRAM2Load__parameterized2.
WARNING: [Synth 8-3332] Sequential element (DOB_R_reg[21]) is unused and will be removed from module BRAM2Load__parameterized2.
WARNING: [Synth 8-3332] Sequential element (DOB_R_reg[20]) is unused and will be removed from module BRAM2Load__parameterized2.
WARNING: [Synth 8-3332] Sequential element (DOB_R_reg[19]) is unused and will be removed from module BRAM2Load__parameterized2.
WARNING: [Synth 8-3332] Sequential element (DOB_R_reg[18]) is unused and will be removed from module BRAM2Load__parameterized2.
WARNING: [Synth 8-3332] Sequential element (DOB_R_reg[17]) is unused and will be removed from module BRAM2Load__parameterized2.
WARNING: [Synth 8-3332] Sequential element (DOB_R_reg[16]) is unused and will be removed from module BRAM2Load__parameterized2.
WARNING: [Synth 8-3332] Sequential element (DOB_R_reg[15]) is unused and will be removed from module BRAM2Load__parameterized2.
WARNING: [Synth 8-3332] Sequential element (DOB_R_reg[14]) is unused and will be removed from module BRAM2Load__parameterized2.
WARNING: [Synth 8-3332] Sequential element (DOB_R_reg[13]) is unused and will be removed from module BRAM2Load__parameterized2.
WARNING: [Synth 8-3332] Sequential element (DOB_R_reg[12]) is unused and will be removed from module BRAM2Load__parameterized2.
WARNING: [Synth 8-3332] Sequential element (DOB_R_reg[11]) is unused and will be removed from module BRAM2Load__parameterized2.
WARNING: [Synth 8-3332] Sequential element (DOB_R_reg[10]) is unused and will be removed from module BRAM2Load__parameterized2.
WARNING: [Synth 8-3332] Sequential element (DOB_R_reg[9]) is unused and will be removed from module BRAM2Load__parameterized2.
WARNING: [Synth 8-3332] Sequential element (DOB_R_reg[8]) is unused and will be removed from module BRAM2Load__parameterized2.
WARNING: [Synth 8-3332] Sequential element (DOB_R_reg[7]) is unused and will be removed from module BRAM2Load__parameterized2.
INFO: [Common 17-14] Message 'Synth 8-3332' appears 100 times and further instances of the messages will be disabled. Use the Tcl command set_msg_config to change the current settings.
---------------------------------------------------------------------------------
Finished Area Optimization : Time (s): cpu = 00:00:21 ; elapsed = 00:00:26 . Memory (MB): peak = 1444.105 ; gain = 557.246 ; free physical = 12359 ; free virtual = 29613
---------------------------------------------------------------------------------
Finished Parallel Area Optimization  : Time (s): cpu = 00:00:21 ; elapsed = 00:00:26 . Memory (MB): peak = 1444.105 ; gain = 557.246 ; free physical = 12359 ; free virtual = 29613

Report RTL Partitions: 
+-+--------------+------------+----------+
| |RTL Partition |Replication |Instances |
+-+--------------+------------+----------+
+-+--------------+------------+----------+
---------------------------------------------------------------------------------
Start Timing Optimization
---------------------------------------------------------------------------------
---------------------------------------------------------------------------------
Start Applying XDC Timing Constraints
---------------------------------------------------------------------------------
---------------------------------------------------------------------------------
Finished Applying XDC Timing Constraints : Time (s): cpu = 00:00:26 ; elapsed = 00:00:31 . Memory (MB): peak = 1512.395 ; gain = 625.535 ; free physical = 12288 ; free virtual = 29545
---------------------------------------------------------------------------------
INFO: [Synth 8-3971] The signal RAM_reg was recognized as a true dual port RAM template.
---------------------------------------------------------------------------------
Finished Timing Optimization : Time (s): cpu = 00:00:37 ; elapsed = 00:00:42 . Memory (MB): peak = 1759.598 ; gain = 872.738 ; free physical = 12039 ; free virtual = 29296
---------------------------------------------------------------------------------

Report RTL Partitions: 
+-+--------------+------------+----------+
| |RTL Partition |Replication |Instances |
+-+--------------+------------+----------+
+-+--------------+------------+----------+
---------------------------------------------------------------------------------
Start Technology Mapping
---------------------------------------------------------------------------------
INFO: [Synth 8-4480] The timing for the instance RAM_reg (implemented as a block RAM) might be sub-optimal as no optional output register could be merged into the block ram. Providing additional output register may help in improving timing.
INFO: [Synth 8-4480] The timing for the instance RAM_reg (implemented as a block RAM) might be sub-optimal as no optional output register could be merged into the block ram. Providing additional output register may help in improving timing.
INFO: [Synth 8-4480] The timing for the instance RAM_reg (implemented as a block RAM) might be sub-optimal as no optional output register could be merged into the block ram. Providing additional output register may help in improving timing.
INFO: [Synth 8-4480] The timing for the instance RAM_reg (implemented as a block RAM) might be sub-optimal as no optional output register could be merged into the block ram. Providing additional output register may help in improving timing.
INFO: [Synth 8-4480] The timing for the instance RAM_reg (implemented as a block RAM) might be sub-optimal as no optional output register could be merged into the block ram. Providing additional output register may help in improving timing.
INFO: [Synth 8-4480] The timing for the instance RAM_reg (implemented as a block RAM) might be sub-optimal as no optional output register could be merged into the block ram. Providing additional output register may help in improving timing.
INFO: [Synth 8-4480] The timing for the instance RAM_reg (implemented as a block RAM) might be sub-optimal as no optional output register could be merged into the block ram. Providing additional output register may help in improving timing.
INFO: [Synth 8-4480] The timing for the instance RAM_reg (implemented as a block RAM) might be sub-optimal as no optional output register could be merged into the block ram. Providing additional output register may help in improving timing.
INFO: [Synth 8-4480] The timing for the instance RAM_reg (implemented as a block RAM) might be sub-optimal as no optional output register could be merged into the block ram. Providing additional output register may help in improving timing.
---------------------------------------------------------------------------------
Finished Technology Mapping : Time (s): cpu = 00:00:37 ; elapsed = 00:00:42 . Memory (MB): peak = 1759.598 ; gain = 872.738 ; free physical = 12039 ; free virtual = 29296
---------------------------------------------------------------------------------
Finished Parallel Technology Mapping Optimization  : Time (s): cpu = 00:00:37 ; elapsed = 00:00:42 . Memory (MB): peak = 1759.598 ; gain = 872.738 ; free physical = 12039 ; free virtual = 29296

Report RTL Partitions: 
+-+--------------+------------+----------+
| |RTL Partition |Replication |Instances |
+-+--------------+------------+----------+
+-+--------------+------------+----------+
Finished Parallel Synthesis Optimization  : Time (s): cpu = 00:00:37 ; elapsed = 00:00:42 . Memory (MB): peak = 1759.598 ; gain = 872.738 ; free physical = 12039 ; free virtual = 29296
---------------------------------------------------------------------------------
Start IO Insertion
---------------------------------------------------------------------------------
---------------------------------------------------------------------------------
Start Final Netlist Cleanup
---------------------------------------------------------------------------------
---------------------------------------------------------------------------------
Finished Final Netlist Cleanup
---------------------------------------------------------------------------------
---------------------------------------------------------------------------------
Finished IO Insertion : Time (s): cpu = 00:00:38 ; elapsed = 00:00:42 . Memory (MB): peak = 1759.598 ; gain = 872.738 ; free physical = 12038 ; free virtual = 29296
---------------------------------------------------------------------------------

Report Check Netlist: 
+------+------------------+-------+---------+-------+------------------+
|      |Item              |Errors |Warnings |Status |Description       |
+------+------------------+-------+---------+-------+------------------+
|1     |multi_driven_nets |      0|        0|Passed |Multi driven nets |
+------+------------------+-------+---------+-------+------------------+
---------------------------------------------------------------------------------
Start Renaming Generated Instances
---------------------------------------------------------------------------------
---------------------------------------------------------------------------------
Finished Renaming Generated Instances : Time (s): cpu = 00:00:38 ; elapsed = 00:00:42 . Memory (MB): peak = 1759.598 ; gain = 872.738 ; free physical = 12038 ; free virtual = 29296
---------------------------------------------------------------------------------

Report RTL Partitions: 
+-+--------------+------------+----------+
| |RTL Partition |Replication |Instances |
+-+--------------+------------+----------+
+-+--------------+------------+----------+
---------------------------------------------------------------------------------
Start Handling Custom Attributes
---------------------------------------------------------------------------------
---------------------------------------------------------------------------------
Finished Handling Custom Attributes : Time (s): cpu = 00:00:38 ; elapsed = 00:00:43 . Memory (MB): peak = 1759.598 ; gain = 872.738 ; free physical = 12038 ; free virtual = 29296
---------------------------------------------------------------------------------
---------------------------------------------------------------------------------
Start ROM, RAM, DSP and Shift Register Reporting
---------------------------------------------------------------------------------

Static Shift Register Report:
+------------+---------------------------+--------+-------+--------------+--------------------+-------------------+--------+---------+
|Module Name | RTL Name                  | Length | Width | Reset Signal | Pull out first Reg | Pull out last Reg | SRL16E | SRLC32E | 
+------------+---------------------------+--------+-------+--------------+--------------------+-------------------+--------+---------+
|mkbranch    | rg_global_history_reg[79] | 40     | 1     | YES          | NO                 | YES               | 0      | 2       | 
|mkbranch    | rg_global_history_reg[39] | 20     | 1     | YES          | NO                 | YES               | 0      | 1       | 
|mkbranch    | rg_global_history_reg[19] | 10     | 1     | YES          | NO                 | YES               | 1      | 0       | 
+------------+---------------------------+--------+-------+--------------+--------------------+-------------------+--------+---------+

---------------------------------------------------------------------------------
Finished ROM, RAM, DSP and Shift Register Reporting
---------------------------------------------------------------------------------
---------------------------------------------------------------------------------
Start Writing Synthesis Report
---------------------------------------------------------------------------------

Report BlackBoxes: 
+-+--------------+----------+
| |BlackBox name |Instances |
+-+--------------+----------+
+-+--------------+----------+

Report Cell Usage: 
+------+-----------+------+
|      |Cell       |Count |
+------+-----------+------+
|1     |BUFG       |     1|
|2     |CARRY4     |    28|
|3     |LUT1       |    72|
|4     |LUT2       |    44|
|5     |LUT3       |    67|
|6     |LUT4       |   247|
|7     |LUT5       |   131|
|8     |LUT6       |   106|
|9     |RAM128X1D  |     4|
|10    |RAMB18E1   |     4|
|11    |RAMB18E1_1 |     4|
|12    |RAMB18E1_2 |     1|
|13    |SRL16E     |     1|
|14    |SRLC32E    |     3|
|15    |FDRE       |   241|
|16    |IBUF       |   126|
|17    |OBUF       |    63|
+------+-----------+------+

Report Instance Areas: 
+------+---------------------+--------------------------+------+
|      |Instance             |Module                    |Cells |
+------+---------------------+--------------------------+------+
|1     |top                  |                          |  1143|
|2     |  btb                |mkbtb                     |   356|
|3     |    bram_replacement |BRAM2Load                 |    10|
|4     |    bram_way1        |BRAM2Load__parameterized0 |     1|
|5     |    bram_way2        |BRAM2Load__parameterized1 |     1|
|6     |    bram_way3        |BRAM2Load__parameterized2 |     1|
|7     |    bram_way4        |BRAM2Load__parameterized3 |     1|
|8     |  tage_predictor     |mkbranch                  |   488|
|9     |    bram_bank1       |BRAM2Load__parameterized4 |     1|
|10    |    bram_bank2       |BRAM2Load__parameterized5 |     1|
|11    |    bram_bank3       |BRAM2Load__parameterized6 |     1|
|12    |    bram_bank4       |BRAM2Load__parameterized7 |     1|
|13    |    bram_bimodal     |BRAM2Load__parameterized8 |     1|
+------+---------------------+--------------------------+------+
---------------------------------------------------------------------------------
Finished Writing Synthesis Report : Time (s): cpu = 00:00:38 ; elapsed = 00:00:43 . Memory (MB): peak = 1759.598 ; gain = 872.738 ; free physical = 12038 ; free virtual = 29296
---------------------------------------------------------------------------------
Synthesis finished with 0 errors, 0 critical warnings and 216 warnings.
Synthesis Optimization Runtime : Time (s): cpu = 00:00:32 ; elapsed = 00:00:32 . Memory (MB): peak = 1759.598 ; gain = 428.926 ; free physical = 12038 ; free virtual = 29296
Synthesis Optimization Complete : Time (s): cpu = 00:00:38 ; elapsed = 00:00:43 . Memory (MB): peak = 1759.605 ; gain = 872.746 ; free physical = 12040 ; free virtual = 29297
INFO: [Project 1-571] Translating synthesized netlist
INFO: [Netlist 29-17] Analyzing 167 Unisim elements for replacement
INFO: [Netlist 29-28] Unisim Transformation completed in 0 CPU seconds
INFO: [Project 1-570] Preparing netlist for logic optimization
INFO: [Opt 31-138] Pushed 0 inverter(s) to 0 load pin(s).
INFO: [Project 1-111] Unisim Transformation Summary:
  A total of 5 instances were transformed.
  RAM128X1D => RAM128X1D (RAMD64E, RAMD64E, MUXF7, MUXF7, RAMD64E, RAMD64E): 4 instances
  SRLC32E => SRL16E: 1 instances

INFO: [Common 17-83] Releasing license: Synthesis
94 Infos, 162 Warnings, 10 Critical Warnings and 0 Errors encountered.
synth_design completed successfully
synth_design: Time (s): cpu = 00:00:38 ; elapsed = 00:00:39 . Memory (MB): peak = 1759.605 ; gain = 786.238 ; free physical = 12041 ; free virtual = 29297
report_utilization: Time (s): cpu = 00:00:00.06 ; elapsed = 00:00:00.09 . Memory (MB): peak = 1791.613 ; gain = 0.000 ; free physical = 12040 ; free virtual = 29297
INFO: [Common 17-206] Exiting Vivado at Thu Jun 14 15:06:44 2018...
[Thu Jun 14 15:06:45 2018] core_synth_1 finished
wait_on_run: Time (s): cpu = 00:00:00.13 ; elapsed = 00:00:52 . Memory (MB): peak = 1035.758 ; gain = 8.000 ; free physical = 12927 ; free virtual = 30184
# open_run core_synth_1 -name core_synth_1
Design is defaulting to impl run constrset: constrs_1
Design is defaulting to synth run part: xc7a100tcsg324-1
INFO: [Netlist 29-17] Analyzing 167 Unisim elements for replacement
INFO: [Netlist 29-28] Unisim Transformation completed in 0 CPU seconds
INFO: [Project 1-479] Netlist was created with Vivado 2016.1
INFO: [Device 21-403] Loading part xc7a100tcsg324-1
INFO: [Project 1-570] Preparing netlist for logic optimization
Parsing XDC File [/home/ram/Bluespec_BSV_Tutorial/Example_Programs/BPU/src/tcl/constraints.xdc]
INFO: [Vivado 12-2286] Implicit search of objects for pattern 'CLK' matched to 'port' objects. [/home/ram/Bluespec_BSV_Tutorial/Example_Programs/BPU/src/tcl/constraints.xdc:1]
Resolution: To avoid ambiguous patterns, provide proper objects using get commands e.g. [get_nets xyz].
Finished Parsing XDC File [/home/ram/Bluespec_BSV_Tutorial/Example_Programs/BPU/src/tcl/constraints.xdc]
INFO: [Opt 31-138] Pushed 0 inverter(s) to 0 load pin(s).
INFO: [Project 1-111] Unisim Transformation Summary:
  A total of 4 instances were transformed.
  RAM128X1D => RAM128X1D (RAMD64E, RAMD64E, MUXF7, MUXF7, RAMD64E, RAMD64E): 4 instances

# report_utilization -hierarchical -file $core_project_dir/syn_area.txt
report_utilization: Time (s): cpu = 00:00:00.06 ; elapsed = 00:00:00.08 . Memory (MB): peak = 1281.199 ; gain = 0.000 ; free physical = 12698 ; free virtual = 29955
# report_timing_summary -delay_type min_max -report_unconstrained -check_timing_verbose\
#   -max_paths 10 -input_pins -file $core_project_dir/syn_timing.txt
INFO: [Timing 38-35] Done setting XDC timing constraints.
INFO: [Timing 38-91] UpdateTimingParams: Speed grade: -1, Delay Type: min_max.
INFO: [Timing 38-191] Multithreading enabled for timing update using a maximum of 4 CPUs
report_timing_summary: Time (s): cpu = 00:00:07 ; elapsed = 00:00:08 . Memory (MB): peak = 1742.656 ; gain = 461.457 ; free physical = 12346 ; free virtual = 29615
# exit 
INFO: [Common 17-206] Exiting Vivado at Thu Jun 14 15:06:57 2018...
